<?xml version="1.0" encoding="UTF-8"?>
<!-- Generated by org.testng.reporters.JUnitReportReporter -->
<testsuite hostname="LAPTOP-9T96KVR7" failures="0" tests="1" name="selenium.grid.learning.SeleniumGridLearning" time="13.976" errors="0" timestamp="2023-05-14T00:54:44 BST" skipped="0">
  <testcase classname="selenium.grid.learning.SeleniumGridLearning" name="GridLearningChrome" time="13.976"/>
  <system-out/>
</testsuite> <!-- selenium.grid.learning.SeleniumGridLearning -->
