<?xml version="1.0" encoding="UTF-8"?>
<!-- Generated by org.testng.reporters.JUnitReportReporter -->
<testsuite hostname="LAPTOP-9T96KVR7" failures="0" tests="3" name="read.excel.data.learning.ExcelDataproviderLearning" time="0.007" errors="0" timestamp="2023-05-16T02:24:46 BST" skipped="0">
  <testcase classname="read.excel.data.learning.ExcelDataproviderLearning" name="getData" time="0.000"/>
  <system-out/>
  <testcase classname="read.excel.data.learning.ExcelDataproviderLearning" name="getData" time="0.006"/>
  <system-out/>
  <testcase classname="read.excel.data.learning.ExcelDataproviderLearning" name="getData" time="0.001"/>
  <system-out/>
</testsuite> <!-- read.excel.data.learning.ExcelDataproviderLearning -->
